<?xml version="1.0" encoding="UTF-8"?>
<!-- Generated by org.testng.reporters.JUnitReportReporter -->
<testsuite skipped="0" hostname="DESKTOP-0BCV6GT" name="org.example.testRunner.Runners" tests="1" failures="0" timestamp="2022-08-05T13:18:22 EET" time="9.057" errors="0">
  <testcase name="runScenario" time="9.057" classname="org.example.testRunner.Runners"/>
  <system-out/>
</testsuite> <!-- org.example.testRunner.Runners -->
